{"/app/components/Header.tsx": {"path":"/app/components/Header.tsx","statementMap":{"0":{"start":{"line":6,"column":16},"end":{"line":12,"column":null}},"1":{"start":{"line":7,"column":4},"end":{"line":12,"column":null}},"2":{"start":{"line":21,"column":25},"end":{"line":52,"column":null}},"3":{"start":{"line":22,"column":4},"end":{"line":50,"column":null}}},"fnMap":{"0":{"name":"(anonymous_0)","decl":{"start":{"line":6,"column":16},"end":{"line":6,"column":null}},"loc":{"start":{"line":7,"column":4},"end":{"line":12,"column":null}},"line":7},"1":{"name":"(anonymous_1)","decl":{"start":{"line":21,"column":25},"end":{"line":21,"column":31}},"loc":{"start":{"line":21,"column":31},"end":{"line":52,"column":null}},"line":21}},"branchMap":{},"s":{"0":1,"1":1,"2":1,"3":1},"f":{"0":1,"1":1},"b":{},"meta":{"lastBranch":0,"lastFunction":2,"lastStatement":4,"seen":{"s:6:16:12:Infinity":0,"f:6:16:6:Infinity":0,"s:7:4:12:Infinity":1,"s:21:25:52:Infinity":2,"f:21:25:21:31":1,"s:22:4:50:Infinity":3}}}
,"/app/components/PlayingCard.tsx": {"path":"/app/components/PlayingCard.tsx","statementMap":{"0":{"start":{"line":10,"column":20},"end":{"line":15,"column":null}},"1":{"start":{"line":17,"column":48},"end":{"line":27,"column":null}},"2":{"start":{"line":18,"column":16},"end":{"line":18,"column":null}},"3":{"start":{"line":20,"column":2},"end":{"line":25,"column":null}}},"fnMap":{"0":{"name":"(anonymous_0)","decl":{"start":{"line":17,"column":48},"end":{"line":17,"column":49}},"loc":{"start":{"line":17,"column":68},"end":{"line":27,"column":null}},"line":17}},"branchMap":{"0":{"loc":{"start":{"line":18,"column":16},"end":{"line":18,"column":null}},"type":"cond-expr","locations":[{"start":{"line":18,"column":59},"end":{"line":18,"column":76}},{"start":{"line":18,"column":76},"end":{"line":18,"column":null}}],"line":18},"1":{"loc":{"start":{"line":18,"column":16},"end":{"line":18,"column":59}},"type":"binary-expr","locations":[{"start":{"line":18,"column":16},"end":{"line":18,"column":37}},{"start":{"line":18,"column":37},"end":{"line":18,"column":59}}],"line":18}},"s":{"0":1,"1":1,"2":2,"3":2},"f":{"0":2},"b":{"0":[1,1],"1":[2,1]},"meta":{"lastBranch":2,"lastFunction":1,"lastStatement":4,"seen":{"s:10:20:15:Infinity":0,"s:17:48:27:Infinity":1,"f:17:48:17:49":0,"s:18:16:18:Infinity":2,"b:18:59:18:76:18:76:18:Infinity":0,"b:18:16:18:37:18:37:18:59":1,"s:20:2:25:Infinity":3}}}
,"/app/services/geminiService.ts": {"path":"/app/services/geminiService.ts","statementMap":{"0":{"start":{"line":5,"column":11},"end":{"line":5,"column":null}},"1":{"start":{"line":12,"column":2},"end":{"line":12,"column":null}},"2":{"start":{"line":27,"column":21},"end":{"line":27,"column":null}},"3":{"start":{"line":27,"column":49},"end":{"line":27,"column":56}},"4":{"start":{"line":28,"column":2},"end":{"line":30,"column":null}},"5":{"start":{"line":29,"column":4},"end":{"line":29,"column":null}},"6":{"start":{"line":32,"column":26},"end":{"line":32,"column":null}},"7":{"start":{"line":32,"column":56},"end":{"line":32,"column":89}},"8":{"start":{"line":34,"column":17},"end":{"line":49,"column":null}},"9":{"start":{"line":47,"column":31},"end":{"line":47,"column":88}},"10":{"start":{"line":54,"column":2},"end":{"line":63,"column":null}},"11":{"start":{"line":55,"column":21},"end":{"line":58,"column":null}},"12":{"start":{"line":59,"column":4},"end":{"line":59,"column":null}},"13":{"start":{"line":61,"column":4},"end":{"line":61,"column":null}},"14":{"start":{"line":62,"column":4},"end":{"line":62,"column":null}}},"fnMap":{"0":{"name":"formatCard","decl":{"start":{"line":11,"column":16},"end":{"line":11,"column":27}},"loc":{"start":{"line":11,"column":47},"end":{"line":13,"column":null}},"line":11},"1":{"name":"getAICoachSuggestion","decl":{"start":{"line":26,"column":22},"end":{"line":26,"column":43}},"loc":{"start":{"line":26,"column":101},"end":{"line":64,"column":null}},"line":26},"2":{"name":"(anonymous_2)","decl":{"start":{"line":27,"column":44},"end":{"line":27,"column":49}},"loc":{"start":{"line":27,"column":49},"end":{"line":27,"column":56}},"line":27},"3":{"name":"(anonymous_3)","decl":{"start":{"line":32,"column":51},"end":{"line":32,"column":56}},"loc":{"start":{"line":32,"column":56},"end":{"line":32,"column":89}},"line":32},"4":{"name":"(anonymous_4)","decl":{"start":{"line":47,"column":26},"end":{"line":47,"column":31}},"loc":{"start":{"line":47,"column":31},"end":{"line":47,"column":88}},"line":47}},"branchMap":{"0":{"loc":{"start":{"line":28,"column":2},"end":{"line":30,"column":null}},"type":"if","locations":[{"start":{"line":28,"column":2},"end":{"line":30,"column":null}},{"start":{},"end":{}}],"line":28},"1":{"loc":{"start":{"line":32,"column":56},"end":{"line":32,"column":89}},"type":"binary-expr","locations":[{"start":{"line":32,"column":56},"end":{"line":32,"column":68}},{"start":{"line":32,"column":68},"end":{"line":32,"column":89}}],"line":32},"2":{"loc":{"start":{"line":42,"column":19},"end":{"line":42,"column":125}},"type":"cond-expr","locations":[{"start":{"line":42,"column":38},"end":{"line":42,"column":116}},{"start":{"line":42,"column":116},"end":{"line":42,"column":125}}],"line":42}},"s":{"0":1,"1":6,"2":3,"3":3,"4":3,"5":1,"6":2,"7":3,"8":2,"9":1,"10":3,"11":3,"12":1,"13":1,"14":1},"f":{"0":6,"1":3,"2":3,"3":3,"4":1},"b":{"0":[1,2],"1":[3,1],"2":[2,0]},"meta":{"lastBranch":3,"lastFunction":5,"lastStatement":15,"seen":{"s:5:11:5:Infinity":0,"f:11:16:11:27":0,"s:12:2:12:Infinity":1,"f:26:22:26:43":1,"s:27:21:27:Infinity":2,"f:27:44:27:49":2,"s:27:49:27:56":3,"b:28:2:30:Infinity:undefined:undefined:undefined:undefined":0,"s:28:2:30:Infinity":4,"s:29:4:29:Infinity":5,"s:32:26:32:Infinity":6,"f:32:51:32:56":3,"s:32:56:32:89":7,"b:32:56:32:68:32:68:32:89":1,"s:34:17:49:Infinity":8,"b:42:38:42:116:42:116:42:125":2,"f:47:26:47:31":4,"s:47:31:47:88":9,"s:54:2:63:Infinity":10,"s:55:21:58:Infinity":11,"s:59:4:59:Infinity":12,"s:61:4:61:Infinity":13,"s:62:4:62:Infinity":14}}}
}
